<?xml version="1.0" encoding="UTF-8"?>
<testsuite name="LeetSpeakTest" tests="5" skipped="0" failures="0" errors="0" timestamp="2016-04-18T22:34:27" hostname="epicodus-42.local" time="0.002">
  <properties/>
  <testcase name="leetSpeak_returnAstringWithCertianSAsZ_String" classname="LeetSpeakTest" time="0.001"/>
  <testcase name="leetSpeak_returnAstringWithOAs0_String" classname="LeetSpeakTest" time="0.0"/>
  <testcase name="leetSpeak_returnAstringWithCapitalIAs1_String" classname="LeetSpeakTest" time="0.0"/>
  <testcase name="leetSpeak_returnsAStringWithEas3_String" classname="LeetSpeakTest" time="0.0"/>
  <testcase name="leetSpeak_returnsAStringWithNoLeet_String" classname="LeetSpeakTest" time="0.0"/>
  <system-out><![CDATA[]]></system-out>
  <system-err><![CDATA[]]></system-err>
</testsuite>
